2025-08-11 11:34:44,408 , INFO, hrms_app ,time_punch_in_out_view.py, 19 ,punch_in_out_page ,Latest record status: PUNCHED_OUT
2025-08-11 11:39:39,491 , INFO, hrms_app ,time_punch_in_out_view.py, 19 ,punch_in_out_page ,Latest record status: PUNCHED_OUT
2025-08-11 11:39:41,876 , INFO, hrms_app ,time_punch_in_out_view.py, 39 ,save_punch_in_data ,call save_punch_in_data API
2025-08-11 11:39:41,876 , INFO, hrms_app ,time_punch_in_out_view.py, 45 ,save_punch_in_data ,User: priy2032004anshu@gmail.com 
2025-08-11 11:39:41,882 , INFO, hrms_app ,time_punch_in_out_view.py, 53 ,save_punch_in_data ,Punched in successfully
2025-08-11 14:15:11,803 , INFO, hrms_app ,time_punch_in_out_view.py, 19 ,punch_in_out_page ,Latest record status: PUNCHED_IN
2025-08-11 14:15:11,803 , INFO, hrms_app ,time_punch_in_out_view.py, 23 ,punch_in_out_page ,Time elapsed: 61 days, 2:35:30.803659
2025-08-11 14:15:11,804 , INFO, hrms_app ,time_punch_in_out_view.py, 27 ,punch_in_out_page ,Punching disabled: exceeded 40 hours.
2025-08-11 14:21:46,893 , INFO, hrms_app ,time_punch_in_out_view.py, 19 ,punch_in_out_page ,Latest record status: PUNCHED_IN
2025-08-11 14:21:46,893 , INFO, hrms_app ,time_punch_in_out_view.py, 23 ,punch_in_out_page ,Time elapsed: -31 days, 2:42:05.893944
2025-08-11 14:22:52,257 , INFO, hrms_app ,time_punch_in_out_view.py, 19 ,punch_in_out_page ,Latest record status: PUNCHED_IN
2025-08-11 14:22:52,257 , INFO, hrms_app ,time_punch_in_out_view.py, 23 ,punch_in_out_page ,Time elapsed: 10 days, 2:43:11.257739
2025-08-11 14:22:52,257 , INFO, hrms_app ,time_punch_in_out_view.py, 27 ,punch_in_out_page ,Punching disabled: exceeded 40 hours.
2025-08-11 14:23:35,070 , INFO, hrms_app ,time_punch_in_out_view.py, 19 ,punch_in_out_page ,Latest record status: PUNCHED_OUT
2025-08-11 14:23:51,538 , INFO, hrms_app ,time_punch_in_out_view.py, 39 ,save_punch_in_data ,call save_punch_in_data API
2025-08-11 14:23:51,539 , INFO, hrms_app ,time_punch_in_out_view.py, 45 ,save_punch_in_data ,User: priy2032004anshu@gmail.com 
2025-08-11 14:23:51,548 , INFO, hrms_app ,time_punch_in_out_view.py, 53 ,save_punch_in_data ,Punched in successfully
2025-08-11 14:25:28,887 , INFO, hrms_app ,time_punch_in_out_view.py, 19 ,punch_in_out_page ,Latest record status: PUNCHED_IN
2025-08-11 14:25:28,888 , INFO, hrms_app ,time_punch_in_out_view.py, 23 ,punch_in_out_page ,Time elapsed: 0:01:37.348711
2025-08-11 14:26:07,848 , INFO, hrms_app ,time_punch_in_out_view.py, 19 ,punch_in_out_page ,Latest record status: PUNCHED_IN
2025-08-11 14:26:07,848 , INFO, hrms_app ,time_punch_in_out_view.py, 23 ,punch_in_out_page ,Time elapsed: 1 day, 0:02:16.848475
2025-08-11 14:26:25,567 , INFO, hrms_app ,time_punch_in_out_view.py, 19 ,punch_in_out_page ,Latest record status: PUNCHED_IN
2025-08-11 14:26:25,567 , INFO, hrms_app ,time_punch_in_out_view.py, 23 ,punch_in_out_page ,Time elapsed: 1 day, 0:02:34.567559
2025-08-11 14:26:39,033 , INFO, hrms_app ,time_punch_in_out_view.py, 19 ,punch_in_out_page ,Latest record status: PUNCHED_IN
2025-08-11 14:26:39,034 , INFO, hrms_app ,time_punch_in_out_view.py, 23 ,punch_in_out_page ,Time elapsed: 2 days, 0:02:48.034919
2025-08-11 14:26:39,035 , INFO, hrms_app ,time_punch_in_out_view.py, 27 ,punch_in_out_page ,Punching disabled: exceeded 40 hours.
2025-08-11 14:35:05,103 , INFO, hrms_app ,time_punch_in_out_view.py, 19 ,punch_in_out_page ,Latest record status: PUNCHED_IN
2025-08-11 14:35:05,103 , INFO, hrms_app ,time_punch_in_out_view.py, 23 ,punch_in_out_page ,Time elapsed: 2 days, 0:11:14.103844
2025-08-11 14:35:05,103 , INFO, hrms_app ,time_punch_in_out_view.py, 27 ,punch_in_out_page ,Punching disabled: exceeded 40 hours.
2025-08-11 15:23:27,278 , INFO, hrms_app ,time_punch_in_out_view.py, 19 ,punch_in_out_page ,Latest record status: PUNCHED_OUT
2025-08-11 15:23:29,152 , INFO, hrms_app ,time_punch_in_out_view.py, 39 ,save_punch_in_data ,call save_punch_in_data API
2025-08-11 15:23:29,153 , INFO, hrms_app ,time_punch_in_out_view.py, 45 ,save_punch_in_data ,User: priy2032004anshu@gmail.com 
2025-08-11 15:23:29,168 , INFO, hrms_app ,time_punch_in_out_view.py, 53 ,save_punch_in_data ,Punched in successfully
2025-08-11 15:23:43,988 , INFO, hrms_app ,time_punch_in_out_view.py, 19 ,punch_in_out_page ,Latest record status: PUNCHED_IN
2025-08-11 15:23:43,988 , INFO, hrms_app ,time_punch_in_out_view.py, 23 ,punch_in_out_page ,Time elapsed: 2 days, 0:00:14.988416
2025-08-11 15:23:43,988 , INFO, hrms_app ,time_punch_in_out_view.py, 27 ,punch_in_out_page ,Punching disabled: exceeded 40 hours.
2025-08-11 15:24:31,758 , INFO, hrms_app ,time_punch_in_out_view.py, 39 ,save_punch_in_data ,call save_punch_in_data API
2025-08-11 15:24:31,759 , INFO, hrms_app ,time_punch_in_out_view.py, 45 ,save_punch_in_data ,User: abh@gmail.com 
2025-08-11 15:24:31,778 , INFO, hrms_app ,time_punch_in_out_view.py, 53 ,save_punch_in_data ,Punched in successfully
2025-08-11 15:25:02,141 , INFO, hrms_app ,time_punch_in_out_view.py, 19 ,punch_in_out_page ,Latest record status: PUNCHED_IN
2025-08-11 15:25:02,141 , INFO, hrms_app ,time_punch_in_out_view.py, 23 ,punch_in_out_page ,Time elapsed: 2 days, 5:31:02.141589
2025-08-11 15:25:02,141 , INFO, hrms_app ,time_punch_in_out_view.py, 27 ,punch_in_out_page ,Punching disabled: exceeded 40 hours.
2025-08-11 15:26:14,853 , INFO, hrms_app ,time_punch_in_out_view.py, 19 ,punch_in_out_page ,Latest record status: PUNCHED_OUT
2025-08-11 15:28:52,588 , INFO, hrms_app ,time_punch_in_out_view.py, 19 ,punch_in_out_page ,Latest record status: PUNCHED_OUT
2025-08-11 15:28:54,271 , INFO, hrms_app ,time_punch_in_out_view.py, 39 ,save_punch_in_data ,call save_punch_in_data API
2025-08-11 15:28:54,272 , INFO, hrms_app ,time_punch_in_out_view.py, 45 ,save_punch_in_data ,User: priy2032004anshu@gmail.com 
2025-08-11 15:28:54,290 , INFO, hrms_app ,time_punch_in_out_view.py, 53 ,save_punch_in_data ,Punched in successfully
2025-08-11 15:29:05,199 , INFO, hrms_app ,time_punch_in_out_view.py, 19 ,punch_in_out_page ,Latest record status: PUNCHED_IN
2025-08-11 15:29:05,199 , INFO, hrms_app ,time_punch_in_out_view.py, 23 ,punch_in_out_page ,Time elapsed: 2 days, 0:00:11.199345
2025-08-11 15:29:05,199 , INFO, hrms_app ,time_punch_in_out_view.py, 27 ,punch_in_out_page ,Punching disabled: exceeded 40 hours.
2025-08-11 15:33:54,519 , INFO, hrms_app ,time_punch_in_out_view.py, 19 ,punch_in_out_page ,Latest record status: PUNCHED_OUT
2025-08-11 15:33:56,238 , INFO, hrms_app ,time_punch_in_out_view.py, 39 ,save_punch_in_data ,call save_punch_in_data API
2025-08-11 15:33:56,239 , INFO, hrms_app ,time_punch_in_out_view.py, 45 ,save_punch_in_data ,User: priy2032004anshu@gmail.com 
2025-08-11 15:33:56,255 , INFO, hrms_app ,time_punch_in_out_view.py, 53 ,save_punch_in_data ,Punched in successfully
2025-08-11 15:35:07,308 , INFO, hrms_app ,time_punch_in_out_view.py, 19 ,punch_in_out_page ,Latest record status: PUNCHED_IN
2025-08-11 15:35:07,308 , INFO, hrms_app ,time_punch_in_out_view.py, 23 ,punch_in_out_page ,Time elapsed: 5:32:07.308729
2025-08-11 15:35:22,735 , INFO, hrms_app ,time_punch_in_out_view.py, 61 ,save_punch_out_data ,call punch out urls
2025-08-11 15:35:22,735 , INFO, hrms_app ,time_punch_in_out_view.py, 62 ,save_punch_out_data ,User: priy2032004anshu@gmail.com 
2025-08-11 15:35:22,735 , INFO, hrms_app ,time_punch_in_out_view.py, 67 ,save_punch_out_data ,note- : 
2025-08-11 16:36:22,017 , INFO, hrms_app ,time_punch_in_out_view.py, 19 ,punch_in_out_page ,Latest record status: PUNCHED_OUT
2025-08-11 16:36:25,367 , INFO, hrms_app ,time_punch_in_out_view.py, 39 ,save_punch_in_data ,call save_punch_in_data API
2025-08-11 16:36:25,367 , INFO, hrms_app ,time_punch_in_out_view.py, 45 ,save_punch_in_data ,User: priy2032004anshu@gmail.com 
2025-08-11 16:36:25,465 , INFO, hrms_app ,time_punch_in_out_view.py, 53 ,save_punch_in_data ,Punched in successfully
2025-08-11 16:36:26,948 , INFO, hrms_app ,time_punch_in_out_view.py, 19 ,punch_in_out_page ,Latest record status: PUNCHED_IN
2025-08-11 16:36:26,948 , INFO, hrms_app ,time_punch_in_out_view.py, 23 ,punch_in_out_page ,Time elapsed: 0:00:01.581344
2025-08-11 17:23:13,121 , INFO, hrms_app ,time_punch_in_out_view.py, 19 ,punch_in_out_page ,Latest record status: PUNCHED_OUT
2025-08-11 17:23:15,350 , INFO, hrms_app ,time_punch_in_out_view.py, 39 ,save_punch_in_data ,call save_punch_in_data API
2025-08-11 17:23:15,351 , INFO, hrms_app ,time_punch_in_out_view.py, 45 ,save_punch_in_data ,User: abh@gmail.com 
2025-08-11 17:23:15,374 , INFO, hrms_app ,time_punch_in_out_view.py, 53 ,save_punch_in_data ,Punched in successfully
2025-08-11 17:23:18,725 , INFO, hrms_app ,time_punch_in_out_view.py, 61 ,save_punch_out_data ,call punch out urls
2025-08-11 17:23:18,725 , INFO, hrms_app ,time_punch_in_out_view.py, 62 ,save_punch_out_data ,User: abh@gmail.com 
2025-08-11 17:23:18,726 , INFO, hrms_app ,time_punch_in_out_view.py, 67 ,save_punch_out_data ,note- : 
2025-08-11 17:25:02,723 , INFO, hrms_app ,time_punch_in_out_view.py, 19 ,punch_in_out_page ,Latest record status: PUNCHED_OUT
2025-08-11 17:36:08,694 , INFO, hrms_app ,time_punch_in_out_view.py, 19 ,punch_in_out_page ,Latest record status: PUNCHED_OUT
2025-08-11 17:36:10,692 , INFO, hrms_app ,time_punch_in_out_view.py, 39 ,save_punch_in_data ,call save_punch_in_data API
2025-08-11 17:36:10,693 , INFO, hrms_app ,time_punch_in_out_view.py, 45 ,save_punch_in_data ,User: priy2032004anshu@gmail.com 
2025-08-11 17:36:10,705 , INFO, hrms_app ,time_punch_in_out_view.py, 53 ,save_punch_in_data ,Punched in successfully
2025-08-11 17:38:10,102 , INFO, hrms_app ,time_punch_in_out_view.py, 61 ,save_punch_out_data ,call punch out urls
2025-08-11 17:38:10,103 , INFO, hrms_app ,time_punch_in_out_view.py, 62 ,save_punch_out_data ,User: priy2032004anshu@gmail.com 
2025-08-11 17:38:10,103 , INFO, hrms_app ,time_punch_in_out_view.py, 67 ,save_punch_out_data ,note- : 
2025-08-11 17:38:29,534 , INFO, hrms_app ,time_punch_in_out_view.py, 19 ,punch_in_out_page ,Latest record status: PUNCHED_OUT
2025-08-11 17:38:31,283 , INFO, hrms_app ,time_punch_in_out_view.py, 39 ,save_punch_in_data ,call save_punch_in_data API
2025-08-11 17:38:31,284 , INFO, hrms_app ,time_punch_in_out_view.py, 45 ,save_punch_in_data ,User: priy2032004anshu@gmail.com 
2025-08-11 17:38:31,291 , INFO, hrms_app ,time_punch_in_out_view.py, 53 ,save_punch_in_data ,Punched in successfully
2025-08-11 17:38:58,704 , INFO, hrms_app ,time_punch_in_out_view.py, 19 ,punch_in_out_page ,Latest record status: PUNCHED_IN
2025-08-11 17:38:58,705 , INFO, hrms_app ,time_punch_in_out_view.py, 23 ,punch_in_out_page ,Time elapsed: 2 days, 0:00:27.705009
2025-08-11 17:38:58,705 , INFO, hrms_app ,time_punch_in_out_view.py, 27 ,punch_in_out_page ,Punching disabled: exceeded 40 hours.
2025-08-11 17:43:10,702 , INFO, hrms_app ,time_punch_in_out_view.py, 19 ,punch_in_out_page ,Latest record status: PUNCHED_OUT
2025-08-11 17:43:22,121 , INFO, hrms_app ,time_punch_in_out_view.py, 19 ,punch_in_out_page ,Latest record status: PUNCHED_OUT
2025-08-11 17:44:26,535 , INFO, hrms_app ,time_punch_in_out_view.py, 19 ,punch_in_out_page ,Latest record status: PUNCHED_OUT
